<?xml version="1.0" encoding="UTF-8"?>
<!-- Generated by org.testng.reporters.JUnitReportReporter -->
<testsuite hostname="win8-vm" name="com.toolsqa.framework.tests.day2.Grouping" tests="1" failures="0" timestamp="7 Jun 2015 17:49:00 GMT" time="0.016" errors="0">
  <testcase name="t4" time="0.016" classname="com.toolsqa.framework.tests.day2.Grouping"/>
</testsuite> <!-- com.toolsqa.framework.tests.day2.Grouping -->
