<?xml version="1.0" encoding="UTF-8"?>
<!-- Generated by org.testng.reporters.JUnitReportReporter -->
<testsuite hostname="win8-vm" name="com.toolsqa.framework.tests.day2.Depends" tests="3" failures="0" timestamp="7 Jun 2015 17:29:16 GMT" time="0.016" errors="0">
  <testcase name="CheckOutandMakePayment" time="0.000" classname="com.toolsqa.framework.tests.day2.Depends"/>
  <testcase name="AddItemsToCart" time="0.016" classname="com.toolsqa.framework.tests.day2.Depends"/>
  <testcase name="LoginToPortal" time="0.000" classname="com.toolsqa.framework.tests.day2.Depends"/>
</testsuite> <!-- com.toolsqa.framework.tests.day2.Depends -->
