<?xml version="1.0" encoding="UTF-8"?>
<!-- Generated by org.testng.reporters.JUnitReportReporter -->
<testsuite hostname="win8-vm" name="com.toolsqa.framework.tests.day2.LoginTest" tests="2" failures="0" timestamp="7 Jun 2015 17:57:12 GMT" time="0.031" errors="0">
  <testcase name="run1" time="0.000" classname="com.toolsqa.framework.tests.day2.LoginTest"/>
  <testcase name="run" time="0.031" classname="com.toolsqa.framework.tests.day2.LoginTest"/>
</testsuite> <!-- com.toolsqa.framework.tests.day2.LoginTest -->
