<?xml version="1.0" encoding="UTF-8"?>
<!-- Generated by org.testng.reporters.JUnitReportReporter -->
<testsuite hostname="win8-vm" name="com.toolsqa.framework.tests.TestNG_002" tests="1" failures="0" timestamp="6 Jun 2015 17:16:44 GMT" time="0.013" errors="0">
  <testcase name="run" time="0.013" classname="com.toolsqa.framework.tests.TestNG_002"/>
</testsuite> <!-- com.toolsqa.framework.tests.TestNG_002 -->
