<?xml version="1.0" encoding="UTF-8"?>
<!-- Generated by org.testng.reporters.JUnitReportReporter -->
<testsuite hostname="win8-vm" name="com.toolsqa.framework.tests.TestNG_001" tests="1" failures="0" timestamp="6 Jun 2015 18:03:06 GMT" time="0.022" errors="0">
  <testcase name="testRun2" time="0.022" classname="com.toolsqa.framework.tests.TestNG_001"/>
</testsuite> <!-- com.toolsqa.framework.tests.TestNG_001 -->
